22:46:37	
22:46:37	
22:46:37	NULL

22:46:40	
22:46:40	
22:46:40	NULL

22:46:45	
22:46:45	
22:46:45	NULL

22:46:45	object(stdClass)#3 (11) {
  ["response_code"]=>
  int(1)
  ["user_login_status"]=>
  int(1)
  ["show_err"]=>
  string(18) "用户登陆成功"
  ["id"]=>
  string(1) "1"
  ["user_name"]=>
  string(13) "来来1号店"
  ["user_pwd"]=>
  string(32) "98659ad7bd89362a8271d1de2eaaf913"
  ["user_money"]=>
  NULL
  ["user_money_format"]=>
  string(7) "￥0.00"
  ["program_title"]=>
  string(6) "登陆"
  ["act"]=>
  string(5) "login"
  ["act_2"]=>
  string(0) ""
}

22:46:46	
22:46:46	
22:46:46	NULL

22:46:48	
22:46:48	
22:46:48	NULL

22:46:52	
22:46:52	
22:46:52	NULL

22:46:54	
22:46:54	
22:46:54	NULL

23:30:55	
23:30:55	
23:30:55	NULL

23:30:58	
23:30:58	
23:30:58	NULL

23:31:06	
23:31:06	
23:31:06	NULL

23:31:09	
23:31:09	
23:31:09	NULL

23:31:09	object(stdClass)#3 (11) {
  ["response_code"]=>
  int(1)
  ["user_login_status"]=>
  int(1)
  ["show_err"]=>
  string(18) "用户登陆成功"
  ["id"]=>
  string(1) "2"
  ["user_name"]=>
  string(5) "qzccs"
  ["user_pwd"]=>
  string(32) "98659ad7bd89362a8271d1de2eaaf913"
  ["user_money"]=>
  NULL
  ["user_money_format"]=>
  string(7) "￥0.00"
  ["program_title"]=>
  string(6) "登陆"
  ["act"]=>
  string(5) "login"
  ["act_2"]=>
  string(0) ""
}

23:31:10	
23:31:10	
23:31:10	NULL

23:31:12	
23:31:12	
23:31:12	NULL

23:31:15	
23:31:15	
23:31:15	NULL

23:31:16	
23:31:16	
23:31:16	NULL

23:31:17	
23:31:17	
23:31:17	NULL

